2025-11-26 00:06:40 [main] INFO  edu.univ.erp.Main - Starting University ERP System...
2025-11-26 00:06:40 [main] INFO  edu.univ.erp.Main - FlatLaf Look and Feel applied successfully
2025-11-26 00:06:40 [AWT-EventQueue-0] INFO  edu.univ.erp.util.ConfigUtil - Configuration loaded successfully
2025-11-26 00:06:41 [AWT-EventQueue-0] INFO  edu.univ.erp.Main - Login frame displayed
2025-11-26 00:06:57 [AWT-EventQueue-0] INFO  com.zaxxer.hikari.HikariDataSource - AuthDB-Pool - Starting...
2025-11-26 00:06:57 [AWT-EventQueue-0] INFO  com.zaxxer.hikari.pool.HikariPool - AuthDB-Pool - Added connection com.mysql.cj.jdbc.ConnectionImpl@515908f1
2025-11-26 00:06:57 [AWT-EventQueue-0] INFO  com.zaxxer.hikari.HikariDataSource - AuthDB-Pool - Start completed.
2025-11-26 00:06:57 [AWT-EventQueue-0] INFO  e.univ.erp.data.DatabaseConnection - Auth database connection pool initialized
2025-11-26 00:06:57 [AWT-EventQueue-0] INFO  com.zaxxer.hikari.HikariDataSource - ErpDB-Pool - Starting...
2025-11-26 00:06:57 [AWT-EventQueue-0] INFO  com.zaxxer.hikari.pool.HikariPool - ErpDB-Pool - Added connection com.mysql.cj.jdbc.ConnectionImpl@5f54dad1
2025-11-26 00:06:57 [AWT-EventQueue-0] INFO  com.zaxxer.hikari.HikariDataSource - ErpDB-Pool - Start completed.
2025-11-26 00:06:57 [AWT-EventQueue-0] INFO  e.univ.erp.data.DatabaseConnection - ERP database connection pool initialized
2025-11-26 00:06:57 [SwingWorker-pool-1-thread-1] INFO  edu.univ.erp.auth.AuthService - Successful login for user: stu1
2025-11-26 00:06:57 [AWT-EventQueue-0] INFO  edu.univ.erp.ui.auth.LoginFrame - Login successful for user: stu1 (role: STUDENT)
2025-11-26 00:07:09 [SwingWorker-pool-1-thread-4] ERROR edu.univ.erp.auth.PermissionChecker - Student user stu1 has no student ID in session
2025-11-26 00:07:13 [SwingWorker-pool-1-thread-5] ERROR edu.univ.erp.auth.PermissionChecker - Student user stu1 has no student ID in session
2025-11-26 00:07:13 [SwingWorker-pool-1-thread-6] ERROR edu.univ.erp.auth.PermissionChecker - Student user stu1 has no student ID in session
2025-11-26 00:07:24 [SwingWorker-pool-1-thread-8] ERROR edu.univ.erp.auth.PermissionChecker - Student user stu1 has no student ID in session
2025-11-26 00:07:24 [SwingWorker-pool-1-thread-9] ERROR edu.univ.erp.auth.PermissionChecker - Student user stu1 has no student ID in session
2025-11-26 00:08:00 [SwingWorker-pool-1-thread-4] ERROR edu.univ.erp.auth.PermissionChecker - Student user stu1 has no student ID in session
2025-11-26 00:08:00 [SwingWorker-pool-1-thread-5] ERROR edu.univ.erp.auth.PermissionChecker - Student user stu1 has no student ID in session
2025-11-26 00:08:08 [SwingWorker-pool-1-thread-6] ERROR edu.univ.erp.auth.PermissionChecker - Student user stu1 has no student ID in session
2025-11-26 00:08:10 [SwingWorker-pool-1-thread-7] ERROR edu.univ.erp.auth.PermissionChecker - Student user stu1 has no student ID in session
2025-11-26 00:08:14 [SwingWorker-pool-1-thread-8] ERROR edu.univ.erp.auth.PermissionChecker - Student user stu1 has no student ID in session
2025-11-26 00:08:16 [SwingWorker-pool-1-thread-9] ERROR edu.univ.erp.auth.PermissionChecker - Student user stu1 has no student ID in session
2025-11-26 00:08:23 [SwingWorker-pool-1-thread-10] ERROR edu.univ.erp.auth.PermissionChecker - Student user stu1 has no student ID in session
2025-11-26 00:08:25 [SwingWorker-pool-1-thread-1] ERROR edu.univ.erp.auth.PermissionChecker - Student user stu1 has no student ID in session
2025-11-26 00:08:28 [SwingWorker-pool-1-thread-2] ERROR edu.univ.erp.auth.PermissionChecker - Student user stu1 has no student ID in session
2025-11-26 00:09:31 [SwingWorker-pool-1-thread-3] INFO  edu.univ.erp.auth.AuthService - Successful login for user: inst1
2025-11-26 00:09:31 [AWT-EventQueue-0] INFO  edu.univ.erp.ui.auth.LoginFrame - Login successful for user: inst1 (role: INSTRUCTOR)
2025-11-26 00:10:05 [SwingWorker-pool-1-thread-6] DEBUG e.u.e.u.i.InstructorSchedulePanel - Retrieved instructor ID: 1 for user ID: 2
2025-11-26 00:10:05 [AWT-EventQueue-0] INFO  e.u.e.u.i.InstructorSchedulePanel - Loaded 3 sections for instructor schedule
2025-11-26 00:26:55 [AuthDB-Pool housekeeper] WARN  com.zaxxer.hikari.pool.HikariPool - AuthDB-Pool - Thread starvation or clock leap detected (housekeeper delta=10m27s773ms640µs200ns).
2025-11-26 00:26:55 [ErpDB-Pool housekeeper] WARN  com.zaxxer.hikari.pool.HikariPool - ErpDB-Pool - Thread starvation or clock leap detected (housekeeper delta=10m27s773ms278µs900ns).
2025-11-26 13:05:38 [main] INFO  edu.univ.erp.Main - Starting University ERP System...
2025-11-26 13:05:39 [main] INFO  edu.univ.erp.Main - FlatLaf Look and Feel applied successfully
2025-11-26 13:05:39 [AWT-EventQueue-0] INFO  edu.univ.erp.util.ConfigUtil - Configuration loaded successfully
2025-11-26 13:05:39 [AWT-EventQueue-0] INFO  edu.univ.erp.Main - Login frame displayed
2025-11-26 13:05:52 [AWT-EventQueue-0] INFO  com.zaxxer.hikari.HikariDataSource - AuthDB-Pool - Starting...
2025-11-26 13:05:52 [AWT-EventQueue-0] INFO  com.zaxxer.hikari.pool.HikariPool - AuthDB-Pool - Added connection com.mysql.cj.jdbc.ConnectionImpl@5de0fcdd
2025-11-26 13:05:52 [AWT-EventQueue-0] INFO  com.zaxxer.hikari.HikariDataSource - AuthDB-Pool - Start completed.
2025-11-26 13:05:52 [AWT-EventQueue-0] INFO  e.univ.erp.data.DatabaseConnection - Auth database connection pool initialized
2025-11-26 13:05:52 [AWT-EventQueue-0] INFO  com.zaxxer.hikari.HikariDataSource - ErpDB-Pool - Starting...
2025-11-26 13:05:52 [AWT-EventQueue-0] INFO  com.zaxxer.hikari.pool.HikariPool - ErpDB-Pool - Added connection com.mysql.cj.jdbc.ConnectionImpl@36fe23af
2025-11-26 13:05:52 [AWT-EventQueue-0] INFO  com.zaxxer.hikari.HikariDataSource - ErpDB-Pool - Start completed.
2025-11-26 13:05:52 [AWT-EventQueue-0] INFO  e.univ.erp.data.DatabaseConnection - ERP database connection pool initialized
2025-11-26 13:05:52 [SwingWorker-pool-1-thread-1] WARN  edu.univ.erp.auth.AuthService - Login attempt for non-existent user: adm1
2025-11-26 13:05:58 [SwingWorker-pool-1-thread-2] WARN  edu.univ.erp.auth.AuthService - Login attempt for non-existent user: adm1
2025-11-26 13:06:15 [SwingWorker-pool-1-thread-3] WARN  edu.univ.erp.auth.AuthService - Login attempt for non-existent user: adm1
2025-11-26 13:06:30 [SwingWorker-pool-1-thread-4] INFO  edu.univ.erp.auth.AuthService - Successful login for user: admin1
2025-11-26 13:06:30 [AWT-EventQueue-0] INFO  edu.univ.erp.ui.auth.LoginFrame - Login successful for user: admin1 (role: ADMIN)
2025-11-26 13:08:27 [main] INFO  edu.univ.erp.Main - Starting University ERP System...
2025-11-26 13:08:27 [main] INFO  edu.univ.erp.Main - FlatLaf Look and Feel applied successfully
2025-11-26 13:08:27 [AWT-EventQueue-0] INFO  edu.univ.erp.util.ConfigUtil - Configuration loaded successfully
2025-11-26 13:08:27 [AWT-EventQueue-0] INFO  edu.univ.erp.Main - Login frame displayed
2025-11-26 13:08:37 [AWT-EventQueue-0] INFO  com.zaxxer.hikari.HikariDataSource - AuthDB-Pool - Starting...
2025-11-26 13:08:38 [AWT-EventQueue-0] INFO  com.zaxxer.hikari.pool.HikariPool - AuthDB-Pool - Added connection com.mysql.cj.jdbc.ConnectionImpl@e9d380d
2025-11-26 13:08:38 [AWT-EventQueue-0] INFO  com.zaxxer.hikari.HikariDataSource - AuthDB-Pool - Start completed.
2025-11-26 13:08:38 [AWT-EventQueue-0] INFO  e.univ.erp.data.DatabaseConnection - Auth database connection pool initialized
2025-11-26 13:08:38 [AWT-EventQueue-0] INFO  com.zaxxer.hikari.HikariDataSource - ErpDB-Pool - Starting...
2025-11-26 13:08:38 [AWT-EventQueue-0] INFO  com.zaxxer.hikari.pool.HikariPool - ErpDB-Pool - Added connection com.mysql.cj.jdbc.ConnectionImpl@35574e75
2025-11-26 13:08:38 [AWT-EventQueue-0] INFO  com.zaxxer.hikari.HikariDataSource - ErpDB-Pool - Start completed.
2025-11-26 13:08:38 [AWT-EventQueue-0] INFO  e.univ.erp.data.DatabaseConnection - ERP database connection pool initialized
2025-11-26 13:08:38 [SwingWorker-pool-1-thread-1] INFO  edu.univ.erp.auth.AuthService - Successful login for user: admin1
2025-11-26 13:08:38 [AWT-EventQueue-0] INFO  edu.univ.erp.ui.auth.LoginFrame - Login successful for user: admin1 (role: ADMIN)
2025-11-26 13:09:05 [SwingWorker-pool-1-thread-3] INFO  edu.univ.erp.auth.AuthDAO - Account unlocked for user ID: 2
2025-11-26 13:09:05 [SwingWorker-pool-1-thread-4] INFO  edu.univ.erp.auth.AuthDAO - Account unlocked for user ID: 2
2025-11-26 13:10:55 [AWT-EventQueue-0] ERROR e.u.e.u.admin.SectionManagementPanel - Error loading section
java.lang.ClassCastException: class javax.swing.JDialog cannot be cast to class java.awt.Frame (javax.swing.JDialog and java.awt.Frame are in module java.desktop of loader 'bootstrap')
	at edu.univ.erp.ui.admin.SectionManagementPanel.showEditDialogWithSection(SectionManagementPanel.java:674)
	at edu.univ.erp.ui.admin.SectionManagementPanel$5.done(SectionManagementPanel.java:659)
	at java.desktop/javax.swing.SwingWorker$4.run(SwingWorker.java:747)
	at java.desktop/javax.swing.SwingWorker$DoSubmitAccumulativeRunnable.run(SwingWorker.java:837)
	at java.desktop/sun.swing.AccumulativeRunnable.run(AccumulativeRunnable.java:112)
	at java.desktop/javax.swing.SwingWorker$DoSubmitAccumulativeRunnable.actionPerformed(SwingWorker.java:847)
	at java.desktop/javax.swing.Timer.fireActionPerformed(Timer.java:289)
	at java.desktop/javax.swing.Timer$DoPostEvent.run(Timer.java:221)
	at java.desktop/java.awt.event.InvocationEvent.dispatch(InvocationEvent.java:318)
	at java.desktop/java.awt.EventQueue.dispatchEventImpl(EventQueue.java:723)
	at java.desktop/java.awt.EventQueue.dispatchEvent(EventQueue.java:702)
	at java.desktop/java.awt.EventDispatchThread.pumpOneEventForFilters(EventDispatchThread.java:203)
	at java.desktop/java.awt.EventDispatchThread.pumpEventsForFilter(EventDispatchThread.java:124)
	at java.desktop/java.awt.EventDispatchThread.pumpEventsForFilter(EventDispatchThread.java:117)
	at java.desktop/java.awt.WaitDispatchSupport$2.run(WaitDispatchSupport.java:187)
	at java.desktop/java.awt.WaitDispatchSupport.enter(WaitDispatchSupport.java:229)
	at java.desktop/java.awt.Dialog.show(Dialog.java:1051)
	at java.desktop/java.awt.Component.show(Component.java:1690)
	at java.desktop/java.awt.Component.setVisible(Component.java:1637)
	at java.desktop/java.awt.Window.setVisible(Window.java:982)
	at java.desktop/java.awt.Dialog.setVisible(Dialog.java:989)
	at edu.univ.erp.ui.admin.AdminDashboard.openSectionManagement(AdminDashboard.java:263)
	at edu.univ.erp.ui.admin.AdminDashboard.lambda$createMenuButton$0(AdminDashboard.java:163)
	at java.desktop/javax.swing.AbstractButton.fireActionPerformed(AbstractButton.java:1972)
	at java.desktop/javax.swing.AbstractButton$Handler.actionPerformed(AbstractButton.java:2314)
	at java.desktop/javax.swing.DefaultButtonModel.fireActionPerformed(DefaultButtonModel.java:407)
	at java.desktop/javax.swing.DefaultButtonModel.setPressed(DefaultButtonModel.java:262)
	at java.desktop/javax.swing.plaf.basic.BasicButtonListener.mouseReleased(BasicButtonListener.java:279)
	at java.desktop/java.awt.Component.processMouseEvent(Component.java:6576)
	at java.desktop/javax.swing.JComponent.processMouseEvent(JComponent.java:3404)
	at java.desktop/java.awt.Component.processEvent(Component.java:6341)
	at java.desktop/java.awt.Container.processEvent(Container.java:2260)
	at java.desktop/java.awt.Component.dispatchEventImpl(Component.java:4958)
	at java.desktop/java.awt.Container.dispatchEventImpl(Container.java:2318)
	at java.desktop/java.awt.Component.dispatchEvent(Component.java:4790)
	at java.desktop/java.awt.LightweightDispatcher.retargetMouseEvent(Container.java:4916)
	at java.desktop/java.awt.LightweightDispatcher.processMouseEvent(Container.java:4559)
	at java.desktop/java.awt.LightweightDispatcher.dispatchEvent(Container.java:4500)
	at java.desktop/java.awt.Container.dispatchEventImpl(Container.java:2304)
	at java.desktop/java.awt.Window.dispatchEventImpl(Window.java:2671)
	at java.desktop/java.awt.Component.dispatchEvent(Component.java:4790)
	at java.desktop/java.awt.EventQueue.dispatchEventImpl(EventQueue.java:725)
	at java.desktop/java.awt.EventQueue.dispatchEvent(EventQueue.java:702)
	at java.desktop/java.awt.EventDispatchThread.pumpOneEventForFilters(EventDispatchThread.java:203)
	at java.desktop/java.awt.EventDispatchThread.pumpEventsForFilter(EventDispatchThread.java:124)
	at java.desktop/java.awt.EventDispatchThread.pumpEventsForHierarchy(EventDispatchThread.java:113)
	at java.desktop/java.awt.EventDispatchThread.pumpEvents(EventDispatchThread.java:109)
	at java.desktop/java.awt.EventDispatchThread.pumpEvents(EventDispatchThread.java:101)
	at java.desktop/java.awt.EventDispatchThread.run(EventDispatchThread.java:90)
2025-11-26 13:58:02 [main] INFO  edu.univ.erp.Main - Starting University ERP System...
2025-11-26 13:58:03 [main] INFO  edu.univ.erp.Main - FlatLaf Look and Feel applied successfully
2025-11-26 13:58:03 [AWT-EventQueue-0] INFO  edu.univ.erp.util.ConfigUtil - Configuration loaded successfully
2025-11-26 13:58:03 [AWT-EventQueue-0] INFO  edu.univ.erp.Main - Login frame displayed
2025-11-26 15:17:56 [main] INFO  edu.univ.erp.Main - Starting University ERP System...
2025-11-26 15:17:56 [main] INFO  edu.univ.erp.Main - FlatLaf Look and Feel applied successfully
2025-11-26 15:17:56 [AWT-EventQueue-0] INFO  edu.univ.erp.util.ConfigUtil - Configuration loaded successfully
2025-11-26 15:17:56 [AWT-EventQueue-0] INFO  edu.univ.erp.Main - Login frame displayed
2025-11-26 15:18:03 [AWT-EventQueue-0] INFO  com.zaxxer.hikari.HikariDataSource - AuthDB-Pool - Starting...
2025-11-26 15:18:04 [AWT-EventQueue-0] INFO  com.zaxxer.hikari.pool.HikariPool - AuthDB-Pool - Added connection com.mysql.cj.jdbc.ConnectionImpl@45a9fe32
2025-11-26 15:18:04 [AWT-EventQueue-0] INFO  com.zaxxer.hikari.HikariDataSource - AuthDB-Pool - Start completed.
2025-11-26 15:18:04 [AWT-EventQueue-0] INFO  e.univ.erp.data.DatabaseConnection - Auth database connection pool initialized
2025-11-26 15:18:04 [AWT-EventQueue-0] INFO  com.zaxxer.hikari.HikariDataSource - ErpDB-Pool - Starting...
2025-11-26 15:18:04 [AWT-EventQueue-0] INFO  com.zaxxer.hikari.pool.HikariPool - ErpDB-Pool - Added connection com.mysql.cj.jdbc.ConnectionImpl@4ac04f33
2025-11-26 15:18:04 [AWT-EventQueue-0] INFO  com.zaxxer.hikari.HikariDataSource - ErpDB-Pool - Start completed.
2025-11-26 15:18:04 [AWT-EventQueue-0] INFO  e.univ.erp.data.DatabaseConnection - ERP database connection pool initialized
2025-11-26 15:18:04 [SwingWorker-pool-1-thread-1] INFO  edu.univ.erp.auth.AuthService - Successful login for user: inst1
2025-11-26 15:18:04 [AWT-EventQueue-0] INFO  edu.univ.erp.ui.auth.LoginFrame - Login successful for user: inst1 (role: INSTRUCTOR)
2025-11-26 15:18:04 [AWT-EventQueue-0] INFO  e.u.e.u.i.InstructorDashboard - Instructor ID 1 stored in session for user inst1
2025-11-26 15:18:06 [AWT-EventQueue-0] DEBUG e.u.erp.ui.instructor.ReportsPanel - Retrieved instructor ID: 1 for user ID: 2
2025-11-26 15:20:22 [main] INFO  edu.univ.erp.Main - Starting University ERP System...
2025-11-26 15:20:22 [main] INFO  edu.univ.erp.Main - FlatLaf Look and Feel applied successfully
2025-11-26 15:20:22 [AWT-EventQueue-0] INFO  edu.univ.erp.util.ConfigUtil - Configuration loaded successfully
2025-11-26 15:20:22 [AWT-EventQueue-0] INFO  edu.univ.erp.Main - Login frame displayed
2025-11-26 15:20:29 [AWT-EventQueue-0] INFO  com.zaxxer.hikari.HikariDataSource - AuthDB-Pool - Starting...
2025-11-26 15:20:30 [AWT-EventQueue-0] INFO  com.zaxxer.hikari.pool.HikariPool - AuthDB-Pool - Added connection com.mysql.cj.jdbc.ConnectionImpl@48b8ca20
2025-11-26 15:20:30 [AWT-EventQueue-0] INFO  com.zaxxer.hikari.HikariDataSource - AuthDB-Pool - Start completed.
2025-11-26 15:20:30 [AWT-EventQueue-0] INFO  e.univ.erp.data.DatabaseConnection - Auth database connection pool initialized
2025-11-26 15:20:30 [AWT-EventQueue-0] INFO  com.zaxxer.hikari.HikariDataSource - ErpDB-Pool - Starting...
2025-11-26 15:20:30 [AWT-EventQueue-0] INFO  com.zaxxer.hikari.pool.HikariPool - ErpDB-Pool - Added connection com.mysql.cj.jdbc.ConnectionImpl@2af8f4a
2025-11-26 15:20:30 [AWT-EventQueue-0] INFO  com.zaxxer.hikari.HikariDataSource - ErpDB-Pool - Start completed.
2025-11-26 15:20:30 [AWT-EventQueue-0] INFO  e.univ.erp.data.DatabaseConnection - ERP database connection pool initialized
2025-11-26 15:20:30 [SwingWorker-pool-1-thread-1] INFO  edu.univ.erp.auth.AuthService - Successful login for user: inst1
2025-11-26 15:20:30 [AWT-EventQueue-0] INFO  edu.univ.erp.ui.auth.LoginFrame - Login successful for user: inst1 (role: INSTRUCTOR)
2025-11-26 15:20:30 [AWT-EventQueue-0] INFO  e.u.e.u.i.InstructorDashboard - Instructor ID 1 stored in session for user inst1
2025-11-26 15:20:32 [AWT-EventQueue-0] DEBUG e.u.erp.ui.instructor.ReportsPanel - Retrieved instructor ID: 1 for user ID: 2
2025-11-26 15:21:26 [SwingWorker-pool-1-thread-2] DEBUG e.u.e.u.i.InstructorSchedulePanel - Retrieved instructor ID: 1 for user ID: 2
2025-11-26 15:21:26 [AWT-EventQueue-0] INFO  e.u.e.u.i.InstructorSchedulePanel - Loaded 5 sections for instructor schedule
2025-11-26 15:26:38 [main] INFO  edu.univ.erp.Main - Starting University ERP System...
2025-11-26 15:26:38 [main] INFO  edu.univ.erp.Main - FlatLaf Look and Feel applied successfully
2025-11-26 15:26:39 [AWT-EventQueue-0] INFO  edu.univ.erp.util.ConfigUtil - Configuration loaded successfully
2025-11-26 15:26:39 [AWT-EventQueue-0] INFO  edu.univ.erp.Main - Login frame displayed
2025-11-26 15:26:48 [AWT-EventQueue-0] INFO  com.zaxxer.hikari.HikariDataSource - AuthDB-Pool - Starting...
2025-11-26 15:26:48 [AWT-EventQueue-0] INFO  com.zaxxer.hikari.pool.HikariPool - AuthDB-Pool - Added connection com.mysql.cj.jdbc.ConnectionImpl@48b8ca20
2025-11-26 15:26:48 [AWT-EventQueue-0] INFO  com.zaxxer.hikari.HikariDataSource - AuthDB-Pool - Start completed.
2025-11-26 15:26:48 [AWT-EventQueue-0] INFO  e.univ.erp.data.DatabaseConnection - Auth database connection pool initialized
2025-11-26 15:26:48 [AWT-EventQueue-0] INFO  com.zaxxer.hikari.HikariDataSource - ErpDB-Pool - Starting...
2025-11-26 15:26:48 [AWT-EventQueue-0] INFO  com.zaxxer.hikari.pool.HikariPool - ErpDB-Pool - Added connection com.mysql.cj.jdbc.ConnectionImpl@2af8f4a
2025-11-26 15:26:48 [AWT-EventQueue-0] INFO  com.zaxxer.hikari.HikariDataSource - ErpDB-Pool - Start completed.
2025-11-26 15:26:48 [AWT-EventQueue-0] INFO  e.univ.erp.data.DatabaseConnection - ERP database connection pool initialized
2025-11-26 15:26:48 [SwingWorker-pool-1-thread-1] INFO  edu.univ.erp.auth.AuthService - Successful login for user: inst1
2025-11-26 15:26:48 [AWT-EventQueue-0] INFO  edu.univ.erp.ui.auth.LoginFrame - Login successful for user: inst1 (role: INSTRUCTOR)
2025-11-26 15:26:49 [AWT-EventQueue-0] INFO  e.u.e.u.i.InstructorDashboard - Instructor ID 1 stored in session for user inst1
2025-11-26 15:26:51 [AWT-EventQueue-0] DEBUG e.u.erp.ui.instructor.ReportsPanel - Retrieved instructor ID: 1 for user ID: 2
2025-11-26 15:27:07 [SwingWorker-pool-1-thread-2] DEBUG e.u.e.u.i.InstructorSchedulePanel - Retrieved instructor ID: 1 for user ID: 2
2025-11-26 15:27:07 [AWT-EventQueue-0] INFO  e.u.e.u.i.InstructorSchedulePanel - Loaded 5 sections for instructor schedule
2025-11-26 15:27:49 [main] INFO  edu.univ.erp.Main - Starting University ERP System...
2025-11-26 15:27:50 [main] INFO  edu.univ.erp.Main - FlatLaf Look and Feel applied successfully
2025-11-26 15:27:50 [AWT-EventQueue-0] INFO  edu.univ.erp.util.ConfigUtil - Configuration loaded successfully
2025-11-26 15:27:50 [AWT-EventQueue-0] INFO  edu.univ.erp.Main - Login frame displayed
2025-11-26 15:28:09 [AWT-EventQueue-0] INFO  com.zaxxer.hikari.HikariDataSource - AuthDB-Pool - Starting...
2025-11-26 15:28:10 [AWT-EventQueue-0] INFO  com.zaxxer.hikari.pool.HikariPool - AuthDB-Pool - Added connection com.mysql.cj.jdbc.ConnectionImpl@58e34d2e
2025-11-26 15:28:10 [AWT-EventQueue-0] INFO  com.zaxxer.hikari.HikariDataSource - AuthDB-Pool - Start completed.
2025-11-26 15:28:10 [AWT-EventQueue-0] INFO  e.univ.erp.data.DatabaseConnection - Auth database connection pool initialized
2025-11-26 15:28:10 [AWT-EventQueue-0] INFO  com.zaxxer.hikari.HikariDataSource - ErpDB-Pool - Starting...
2025-11-26 15:28:10 [AWT-EventQueue-0] INFO  com.zaxxer.hikari.pool.HikariPool - ErpDB-Pool - Added connection com.mysql.cj.jdbc.ConnectionImpl@5bb6cbbf
2025-11-26 15:28:10 [AWT-EventQueue-0] INFO  com.zaxxer.hikari.HikariDataSource - ErpDB-Pool - Start completed.
2025-11-26 15:28:10 [AWT-EventQueue-0] INFO  e.univ.erp.data.DatabaseConnection - ERP database connection pool initialized
2025-11-26 15:28:10 [SwingWorker-pool-1-thread-1] INFO  edu.univ.erp.auth.AuthService - Successful login for user: inst1
2025-11-26 15:28:10 [AWT-EventQueue-0] INFO  edu.univ.erp.ui.auth.LoginFrame - Login successful for user: inst1 (role: INSTRUCTOR)
2025-11-26 15:28:10 [AWT-EventQueue-0] INFO  e.u.e.u.i.InstructorDashboard - Instructor ID 1 stored in session for user inst1
2025-11-26 15:28:15 [SwingWorker-pool-1-thread-2] DEBUG e.u.e.u.i.InstructorSchedulePanel - Retrieved instructor ID: 1 for user ID: 2
2025-11-26 15:28:15 [AWT-EventQueue-0] INFO  e.u.e.u.i.InstructorSchedulePanel - Loaded 5 sections for instructor schedule
2025-11-26 15:34:23 [main] INFO  edu.univ.erp.Main - Starting University ERP System...
2025-11-26 15:34:23 [main] INFO  edu.univ.erp.Main - FlatLaf Look and Feel applied successfully
2025-11-26 15:34:23 [AWT-EventQueue-0] INFO  edu.univ.erp.util.ConfigUtil - Configuration loaded successfully
2025-11-26 15:34:23 [AWT-EventQueue-0] INFO  edu.univ.erp.Main - Login frame displayed
2025-11-26 15:34:34 [AWT-EventQueue-0] INFO  com.zaxxer.hikari.HikariDataSource - AuthDB-Pool - Starting...
2025-11-26 15:34:34 [AWT-EventQueue-0] INFO  com.zaxxer.hikari.pool.HikariPool - AuthDB-Pool - Added connection com.mysql.cj.jdbc.ConnectionImpl@48b8ca20
2025-11-26 15:34:34 [AWT-EventQueue-0] INFO  com.zaxxer.hikari.HikariDataSource - AuthDB-Pool - Start completed.
2025-11-26 15:34:34 [AWT-EventQueue-0] INFO  e.univ.erp.data.DatabaseConnection - Auth database connection pool initialized
2025-11-26 15:34:34 [AWT-EventQueue-0] INFO  com.zaxxer.hikari.HikariDataSource - ErpDB-Pool - Starting...
2025-11-26 15:34:34 [AWT-EventQueue-0] INFO  com.zaxxer.hikari.pool.HikariPool - ErpDB-Pool - Added connection com.mysql.cj.jdbc.ConnectionImpl@2af8f4a
2025-11-26 15:34:34 [AWT-EventQueue-0] INFO  com.zaxxer.hikari.HikariDataSource - ErpDB-Pool - Start completed.
2025-11-26 15:34:34 [AWT-EventQueue-0] INFO  e.univ.erp.data.DatabaseConnection - ERP database connection pool initialized
2025-11-26 15:34:34 [SwingWorker-pool-1-thread-1] INFO  edu.univ.erp.auth.AuthService - Successful login for user: inst1
2025-11-26 15:34:34 [AWT-EventQueue-0] INFO  edu.univ.erp.ui.auth.LoginFrame - Login successful for user: inst1 (role: INSTRUCTOR)
2025-11-26 15:34:35 [AWT-EventQueue-0] INFO  e.u.e.u.i.InstructorDashboard - Instructor ID 1 stored in session for user inst1
2025-11-26 15:34:37 [SwingWorker-pool-1-thread-2] DEBUG e.u.e.u.i.InstructorSchedulePanel - Retrieved instructor ID: 1 for user ID: 2
2025-11-26 15:34:37 [AWT-EventQueue-0] INFO  e.u.e.u.i.InstructorSchedulePanel - Loaded 5 sections for instructor schedule
2025-11-26 15:43:20 [main] INFO  edu.univ.erp.Main - Starting University ERP System...
2025-11-26 15:43:21 [main] INFO  edu.univ.erp.Main - FlatLaf Look and Feel applied successfully
2025-11-26 15:43:21 [AWT-EventQueue-0] INFO  edu.univ.erp.util.ConfigUtil - Configuration loaded successfully
2025-11-26 15:43:21 [AWT-EventQueue-0] INFO  edu.univ.erp.Main - Login frame displayed
2025-11-26 15:43:43 [AWT-EventQueue-0] INFO  com.zaxxer.hikari.HikariDataSource - AuthDB-Pool - Starting...
2025-11-26 15:43:44 [AWT-EventQueue-0] INFO  com.zaxxer.hikari.pool.HikariPool - AuthDB-Pool - Added connection com.mysql.cj.jdbc.ConnectionImpl@5231706e
2025-11-26 15:43:44 [AWT-EventQueue-0] INFO  com.zaxxer.hikari.HikariDataSource - AuthDB-Pool - Start completed.
2025-11-26 15:43:44 [AWT-EventQueue-0] INFO  e.univ.erp.data.DatabaseConnection - Auth database connection pool initialized
2025-11-26 15:43:44 [AWT-EventQueue-0] INFO  com.zaxxer.hikari.HikariDataSource - ErpDB-Pool - Starting...
2025-11-26 15:43:44 [AWT-EventQueue-0] INFO  com.zaxxer.hikari.pool.HikariPool - ErpDB-Pool - Added connection com.mysql.cj.jdbc.ConnectionImpl@13c7ae2d
2025-11-26 15:43:44 [AWT-EventQueue-0] INFO  com.zaxxer.hikari.HikariDataSource - ErpDB-Pool - Start completed.
2025-11-26 15:43:44 [AWT-EventQueue-0] INFO  e.univ.erp.data.DatabaseConnection - ERP database connection pool initialized
2025-11-26 15:43:44 [SwingWorker-pool-1-thread-1] INFO  edu.univ.erp.auth.AuthService - Successful login for user: inst1
2025-11-26 15:43:44 [AWT-EventQueue-0] INFO  edu.univ.erp.ui.auth.LoginFrame - Login successful for user: inst1 (role: INSTRUCTOR)
2025-11-26 15:43:44 [AWT-EventQueue-0] INFO  e.u.e.u.i.InstructorDashboard - Instructor ID 1 stored in session for user inst1
2025-11-26 15:44:16 [SwingWorker-pool-1-thread-2] DEBUG e.u.e.u.i.InstructorSchedulePanel - Retrieved instructor ID: 1 for user ID: 2
2025-11-26 15:44:16 [AWT-EventQueue-0] INFO  e.u.e.u.i.InstructorSchedulePanel - Loaded 5 sections for instructor schedule
2025-11-26 15:46:47 [main] INFO  edu.univ.erp.Main - Starting University ERP System...
2025-11-26 15:46:47 [main] INFO  edu.univ.erp.Main - FlatLaf Look and Feel applied successfully
2025-11-26 15:46:47 [AWT-EventQueue-0] INFO  edu.univ.erp.util.ConfigUtil - Configuration loaded successfully
2025-11-26 15:46:48 [AWT-EventQueue-0] INFO  edu.univ.erp.Main - Login frame displayed
2025-11-26 15:46:59 [AWT-EventQueue-0] INFO  com.zaxxer.hikari.HikariDataSource - AuthDB-Pool - Starting...
2025-11-26 15:47:00 [AWT-EventQueue-0] INFO  com.zaxxer.hikari.pool.HikariPool - AuthDB-Pool - Added connection com.mysql.cj.jdbc.ConnectionImpl@58e34d2e
2025-11-26 15:47:00 [AWT-EventQueue-0] INFO  com.zaxxer.hikari.HikariDataSource - AuthDB-Pool - Start completed.
2025-11-26 15:47:00 [AWT-EventQueue-0] INFO  e.univ.erp.data.DatabaseConnection - Auth database connection pool initialized
2025-11-26 15:47:00 [AWT-EventQueue-0] INFO  com.zaxxer.hikari.HikariDataSource - ErpDB-Pool - Starting...
2025-11-26 15:47:00 [AWT-EventQueue-0] INFO  com.zaxxer.hikari.pool.HikariPool - ErpDB-Pool - Added connection com.mysql.cj.jdbc.ConnectionImpl@5bb6cbbf
2025-11-26 15:47:00 [AWT-EventQueue-0] INFO  com.zaxxer.hikari.HikariDataSource - ErpDB-Pool - Start completed.
2025-11-26 15:47:00 [AWT-EventQueue-0] INFO  e.univ.erp.data.DatabaseConnection - ERP database connection pool initialized
2025-11-26 15:47:00 [SwingWorker-pool-1-thread-1] INFO  edu.univ.erp.auth.AuthService - Successful login for user: inst1
2025-11-26 15:47:00 [AWT-EventQueue-0] INFO  edu.univ.erp.ui.auth.LoginFrame - Login successful for user: inst1 (role: INSTRUCTOR)
2025-11-26 15:47:00 [AWT-EventQueue-0] INFO  e.u.e.u.i.InstructorDashboard - Instructor ID 1 stored in session for user inst1
2025-11-26 15:47:02 [SwingWorker-pool-1-thread-2] DEBUG e.u.e.u.i.InstructorSchedulePanel - Retrieved instructor ID: 1 for user ID: 2
2025-11-26 15:47:02 [AWT-EventQueue-0] INFO  e.u.e.u.i.InstructorSchedulePanel - Loaded 5 sections for instructor schedule
2025-11-26 15:49:37 [main] INFO  edu.univ.erp.Main - Starting University ERP System...
2025-11-26 15:49:38 [main] INFO  edu.univ.erp.Main - FlatLaf Look and Feel applied successfully
2025-11-26 15:49:38 [AWT-EventQueue-0] INFO  edu.univ.erp.util.ConfigUtil - Configuration loaded successfully
2025-11-26 15:49:38 [AWT-EventQueue-0] INFO  edu.univ.erp.Main - Login frame displayed
2025-11-26 15:49:56 [AWT-EventQueue-0] INFO  com.zaxxer.hikari.HikariDataSource - AuthDB-Pool - Starting...
2025-11-26 15:49:57 [AWT-EventQueue-0] INFO  com.zaxxer.hikari.pool.HikariPool - AuthDB-Pool - Added connection com.mysql.cj.jdbc.ConnectionImpl@48b8ca20
2025-11-26 15:49:57 [AWT-EventQueue-0] INFO  com.zaxxer.hikari.HikariDataSource - AuthDB-Pool - Start completed.
2025-11-26 15:49:57 [AWT-EventQueue-0] INFO  e.univ.erp.data.DatabaseConnection - Auth database connection pool initialized
2025-11-26 15:49:57 [AWT-EventQueue-0] INFO  com.zaxxer.hikari.HikariDataSource - ErpDB-Pool - Starting...
2025-11-26 15:49:57 [AWT-EventQueue-0] INFO  com.zaxxer.hikari.pool.HikariPool - ErpDB-Pool - Added connection com.mysql.cj.jdbc.ConnectionImpl@2af8f4a
2025-11-26 15:49:57 [AWT-EventQueue-0] INFO  com.zaxxer.hikari.HikariDataSource - ErpDB-Pool - Start completed.
2025-11-26 15:49:57 [AWT-EventQueue-0] INFO  e.univ.erp.data.DatabaseConnection - ERP database connection pool initialized
2025-11-26 15:49:57 [SwingWorker-pool-1-thread-1] WARN  edu.univ.erp.auth.AuthService - Login attempt for non-existent user: stu1
2025-11-26 15:50:02 [SwingWorker-pool-1-thread-2] WARN  edu.univ.erp.auth.AuthService - Login attempt for non-existent user: stu1
2025-11-26 15:50:12 [SwingWorker-pool-1-thread-3] INFO  edu.univ.erp.auth.AuthService - Successful login for user: stu2
2025-11-26 15:50:12 [AWT-EventQueue-0] INFO  edu.univ.erp.ui.auth.LoginFrame - Login successful for user: stu2 (role: STUDENT)
2025-11-26 15:50:12 [AWT-EventQueue-0] WARN  e.u.erp.ui.student.StudentDashboard - No student record found for user ID: 5
2025-11-26 15:50:23 [AWT-EventQueue-0] WARN  e.univ.erp.ui.student.MyCoursesPanel - No student found for user ID: 5
2025-11-26 15:50:27 [AWT-EventQueue-0] WARN  e.univ.erp.ui.student.MyGradesPanel - No student found for user ID: 5
2025-11-26 15:50:30 [AWT-EventQueue-0] WARN  e.u.erp.ui.student.TranscriptPanel - No student found for user ID: 5
2025-11-26 15:50:45 [AWT-EventQueue-0] WARN  e.u.e.u.s.SectionSelectionDialog - No student found for user ID: 5
2025-11-26 15:50:52 [AWT-EventQueue-0] WARN  e.u.e.u.s.SectionSelectionDialog - No student found for user ID: 5
2025-11-26 15:50:57 [AWT-EventQueue-0] WARN  e.u.e.u.s.SectionSelectionDialog - No student found for user ID: 5
2025-11-26 15:50:59 [AWT-EventQueue-0] WARN  e.u.e.u.s.SectionSelectionDialog - No student found for user ID: 5
2025-11-26 15:51:07 [AWT-EventQueue-0] WARN  e.univ.erp.ui.student.MyCoursesPanel - No student found for user ID: 5
